[debug] [2022-04-26T22:34:33.424Z] ----------------------------------------------------------------------
[debug] [2022-04-26T22:34:33.426Z] Command:       C:\Program Files\nodejs\node.exe C:\Users\eric\AppData\Roaming\npm\node_modules\firebase-tools\lib\bin\firebase.js init hosting
[debug] [2022-04-26T22:34:33.426Z] CLI Version:   10.7.1
[debug] [2022-04-26T22:34:33.426Z] Platform:      win32
[debug] [2022-04-26T22:34:33.427Z] Node Version:  v14.17.6
[debug] [2022-04-26T22:34:33.427Z] Time:          Wed Apr 27 2022 00:34:33 GMT+0200 (Mitteleuropäische Sommerzeit)
[debug] [2022-04-26T22:34:33.428Z] ----------------------------------------------------------------------
[debug] 
[debug] [2022-04-26T22:34:33.435Z] > command requires scopes: ["email","openid","https://www.googleapis.com/auth/cloudplatformprojects.readonly","https://www.googleapis.com/auth/firebase","https://www.googleapis.com/auth/cloud-platform"]
[debug] [2022-04-26T22:34:33.435Z] > authorizing via signed-in user (extensuscraft@gmail.com)
[info] 
     ######## #### ########  ######## ########     ###     ######  ########
     ##        ##  ##     ## ##       ##     ##  ##   ##  ##       ##
     ######    ##  ########  ######   ########  #########  ######  ######
     ##        ##  ##    ##  ##       ##     ## ##     ##       ## ##
     ##       #### ##     ## ######## ########  ##     ##  ######  ########

You're about to initialize a Firebase project in this directory:

  C:\Users\eric\Dateien_C\Programming\React\builder

[info] 
=== Project Setup
[info] 
[info] First, let's associate this project directory with a Firebase project.
[info] You can create multiple project aliases by running firebase use --add, 
[info] but for now we'll just set up a default project.
[info] 
[debug] [2022-04-26T22:34:35.641Z] >>> [apiv2][query] GET https://firebase.googleapis.com/v1beta1/projects pageSize=100
[debug] [2022-04-26T22:34:36.417Z] <<< [apiv2][status] GET https://firebase.googleapis.com/v1beta1/projects 200
[debug] [2022-04-26T22:34:36.417Z] <<< [apiv2][body] GET https://firebase.googleapis.com/v1beta1/projects [omitted]
[info] i  Using project portfoliobuilder-6fbc5 (PortfolioBuilder) 
[info] 
=== Hosting Setup
[info] 
[info] Your public directory is the folder (relative to your project directory) that
[info] will contain Hosting assets to be uploaded with firebase deploy. If you
[info] have a build process for your assets, use your build's output directory.
[info] 
